c:\users\josep\onedrive\documents\github\inheritance-design-fall2023\space program\x64\debug\vc143.pdb
c:\users\josep\onedrive\documents\github\inheritance-design-fall2023\space program\x64\debug\vc143.idb
c:\users\josep\onedrive\documents\github\inheritance-design-fall2023\space program\x64\debug\velocity.obj
c:\users\josep\onedrive\documents\github\inheritance-design-fall2023\space program\x64\debug\uiinteract.obj
c:\users\josep\onedrive\documents\github\inheritance-design-fall2023\space program\x64\debug\uidraw.obj
c:\users\josep\onedrive\documents\github\inheritance-design-fall2023\space program\x64\debug\testvelocityupdate.obj
c:\users\josep\onedrive\documents\github\inheritance-design-fall2023\space program\x64\debug\testpositionupdate.obj
c:\users\josep\onedrive\documents\github\inheritance-design-fall2023\space program\x64\debug\testearth.obj
c:\users\josep\onedrive\documents\github\inheritance-design-fall2023\space program\x64\debug\testcases.obj
c:\users\josep\onedrive\documents\github\inheritance-design-fall2023\space program\x64\debug\test.obj
c:\users\josep\onedrive\documents\github\inheritance-design-fall2023\space program\x64\debug\spaceship.obj
c:\users\josep\onedrive\documents\github\inheritance-design-fall2023\space program\x64\debug\satellite.obj
c:\users\josep\onedrive\documents\github\inheritance-design-fall2023\space program\x64\debug\position.obj
c:\users\josep\onedrive\documents\github\inheritance-design-fall2023\space program\x64\debug\lab07.obj
c:\users\josep\onedrive\documents\github\inheritance-design-fall2023\space program\x64\debug\earth.obj
c:\users\josep\onedrive\documents\github\inheritance-design-fall2023\space program\x64\debug\bullet.obj
c:\users\josep\onedrive\documents\github\inheritance-design-fall2023\space program\x64\debug\lab07.ilk
c:\users\josep\onedrive\documents\github\inheritance-design-fall2023\space program\x64\debug\lab07.exe
c:\users\josep\onedrive\documents\github\inheritance-design-fall2023\space program\x64\debug\lab07.pdb
c:\users\josep\onedrive\documents\github\inheritance-design-fall2023\space program\x64\debug\lab07.tlog\cl.command.1.tlog
c:\users\josep\onedrive\documents\github\inheritance-design-fall2023\space program\x64\debug\lab07.tlog\cl.items.tlog
c:\users\josep\onedrive\documents\github\inheritance-design-fall2023\space program\x64\debug\lab07.tlog\cl.read.1.tlog
c:\users\josep\onedrive\documents\github\inheritance-design-fall2023\space program\x64\debug\lab07.tlog\cl.write.1.tlog
c:\users\josep\onedrive\documents\github\inheritance-design-fall2023\space program\x64\debug\lab07.tlog\link.command.1.tlog
c:\users\josep\onedrive\documents\github\inheritance-design-fall2023\space program\x64\debug\lab07.tlog\link.read.1.tlog
c:\users\josep\onedrive\documents\github\inheritance-design-fall2023\space program\x64\debug\lab07.tlog\link.write.1.tlog
