  Lab07.cpp
C:\Users\josep\OneDrive\Documents\GitHub\Inheritance-Design-fall2023\Space Program\velocity.h(23,6): warning C4552: '-': result of expression not used
C:\Users\josep\OneDrive\Documents\GitHub\Inheritance-Design-fall2023\Space Program\satellite.h(86,68): warning C4244: 'argument': conversion from 'double' to 'int', possible loss of data
C:\Users\josep\OneDrive\Documents\GitHub\Inheritance-Design-fall2023\Space Program\satellite.h(86,45): warning C4244: 'argument': conversion from 'double' to 'int', possible loss of data
C:\Users\josep\OneDrive\Documents\GitHub\Inheritance-Design-fall2023\Space Program\satellite.h(110,68): warning C4244: 'argument': conversion from 'double' to 'int', possible loss of data
C:\Users\josep\OneDrive\Documents\GitHub\Inheritance-Design-fall2023\Space Program\satellite.h(110,45): warning C4244: 'argument': conversion from 'double' to 'int', possible loss of data
  satellite.cpp
C:\Users\josep\OneDrive\Documents\GitHub\Inheritance-Design-fall2023\Space Program\velocity.h(23,6): warning C4552: '-': result of expression not used
C:\Users\josep\OneDrive\Documents\GitHub\Inheritance-Design-fall2023\Space Program\satellite.h(86,68): warning C4244: 'argument': conversion from 'double' to 'int', possible loss of data
C:\Users\josep\OneDrive\Documents\GitHub\Inheritance-Design-fall2023\Space Program\satellite.h(86,45): warning C4244: 'argument': conversion from 'double' to 'int', possible loss of data
C:\Users\josep\OneDrive\Documents\GitHub\Inheritance-Design-fall2023\Space Program\satellite.h(110,68): warning C4244: 'argument': conversion from 'double' to 'int', possible loss of data
C:\Users\josep\OneDrive\Documents\GitHub\Inheritance-Design-fall2023\Space Program\satellite.h(110,45): warning C4244: 'argument': conversion from 'double' to 'int', possible loss of data
  testCases.cpp
C:\Users\josep\OneDrive\Documents\GitHub\Inheritance-Design-fall2023\Space Program\velocity.h(23,6): warning C4552: '-': result of expression not used
C:\Users\josep\OneDrive\Documents\GitHub\Inheritance-Design-fall2023\Space Program\satellite.h(86,68): warning C4244: 'argument': conversion from 'double' to 'int', possible loss of data
C:\Users\josep\OneDrive\Documents\GitHub\Inheritance-Design-fall2023\Space Program\satellite.h(86,45): warning C4244: 'argument': conversion from 'double' to 'int', possible loss of data
C:\Users\josep\OneDrive\Documents\GitHub\Inheritance-Design-fall2023\Space Program\satellite.h(110,68): warning C4244: 'argument': conversion from 'double' to 'int', possible loss of data
C:\Users\josep\OneDrive\Documents\GitHub\Inheritance-Design-fall2023\Space Program\satellite.h(110,45): warning C4244: 'argument': conversion from 'double' to 'int', possible loss of data
C:\Users\josep\OneDrive\Documents\GitHub\Inheritance-Design-fall2023\Space Program\testCases.cpp(31,4): warning C4156: deletion of an array expression without using the array form of 'delete'; array form substituted
C:\Users\josep\OneDrive\Documents\GitHub\Inheritance-Design-fall2023\Space Program\testCases.cpp(31,4): warning C4154: deletion of an array expression; conversion to pointer supplied
C:\Users\josep\OneDrive\Documents\GitHub\Inheritance-Design-fall2023\Space Program\testCases.cpp(32,4): warning C4156: deletion of an array expression without using the array form of 'delete'; array form substituted
C:\Users\josep\OneDrive\Documents\GitHub\Inheritance-Design-fall2023\Space Program\testCases.cpp(32,4): warning C4154: deletion of an array expression; conversion to pointer supplied
  testPositionUpdate.cpp
C:\Users\josep\OneDrive\Documents\GitHub\Inheritance-Design-fall2023\Space Program\velocity.h(23,6): warning C4552: '-': result of expression not used
C:\Users\josep\OneDrive\Documents\GitHub\Inheritance-Design-fall2023\Space Program\satellite.h(86,68): warning C4244: 'argument': conversion from 'double' to 'int', possible loss of data
C:\Users\josep\OneDrive\Documents\GitHub\Inheritance-Design-fall2023\Space Program\satellite.h(86,45): warning C4244: 'argument': conversion from 'double' to 'int', possible loss of data
C:\Users\josep\OneDrive\Documents\GitHub\Inheritance-Design-fall2023\Space Program\satellite.h(110,68): warning C4244: 'argument': conversion from 'double' to 'int', possible loss of data
C:\Users\josep\OneDrive\Documents\GitHub\Inheritance-Design-fall2023\Space Program\satellite.h(110,45): warning C4244: 'argument': conversion from 'double' to 'int', possible loss of data
  Generating Code...
  Lab07.vcxproj -> C:\Users\josep\OneDrive\Documents\GitHub\Inheritance-Design-fall2023\Space Program\x64\Debug\Lab07.exe
