  board.cpp
C:\Program Files (x86)\Windows Kits\10\Include\10.0.22000.0\um\wincrypt.h(380,29): error C4430: missing type specifier - int assumed. Note: C++ does not support default-int
C:\Program Files (x86)\Windows Kits\10\Include\10.0.22000.0\um\wincrypt.h(380,19): error C2146: syntax error: missing ';' before identifier 'HCRYPTPROV'
C:\Program Files (x86)\Windows Kits\10\Include\10.0.22000.0\um\wincrypt.h(899,17): error C3646: 'dwVersion': unknown override specifier
C:\Program Files (x86)\Windows Kits\10\Include\10.0.22000.0\um\wincrypt.h(899,26): error C4430: missing type specifier - int assumed. Note: C++ does not support default-int
C:\Program Files (x86)\Windows Kits\10\Include\10.0.22000.0\um\wincrypt.h(901,13): error C2143: syntax error: missing ';' before '*'
C:\Program Files (x86)\Windows Kits\10\Include\10.0.22000.0\um\wincrypt.h(901,13): error C4430: missing type specifier - int assumed. Note: C++ does not support default-int
C:\Program Files (x86)\Windows Kits\10\Include\10.0.22000.0\um\wincrypt.h(901,19): error C2238: unexpected token(s) preceding ';'
C:\Program Files (x86)\Windows Kits\10\Include\10.0.22000.0\um\wincrypt.h(902,13): error C3646: 'cbOID': unknown override specifier
C:\Program Files (x86)\Windows Kits\10\Include\10.0.22000.0\um\wincrypt.h(902,18): error C4430: missing type specifier - int assumed. Note: C++ does not support default-int
C:\Program Files (x86)\Windows Kits\10\Include\10.0.22000.0\um\wincrypt.h(908,13): error C2143: syntax error: missing ';' before '*'
C:\Program Files (x86)\Windows Kits\10\Include\10.0.22000.0\um\wincrypt.h(908,13): error C4430: missing type specifier - int assumed. Note: C++ does not support default-int
C:\Program Files (x86)\Windows Kits\10\Include\10.0.22000.0\um\wincrypt.h(908,27): error C2238: unexpected token(s) preceding ';'
C:\Program Files (x86)\Windows Kits\10\Include\10.0.22000.0\um\wincrypt.h(909,13): error C3646: 'cbInnerString': unknown override specifier
C:\Program Files (x86)\Windows Kits\10\Include\10.0.22000.0\um\wincrypt.h(909,26): error C4430: missing type specifier - int assumed. Note: C++ does not support default-int
C:\Program Files (x86)\Windows Kits\10\Include\10.0.22000.0\um\wincrypt.h(910,13): error C2143: syntax error: missing ';' before '*'
C:\Program Files (x86)\Windows Kits\10\Include\10.0.22000.0\um\wincrypt.h(910,13): error C4430: missing type specifier - int assumed. Note: C++ does not support default-int
C:\Program Files (x86)\Windows Kits\10\Include\10.0.22000.0\um\wincrypt.h(910,27): error C2238: unexpected token(s) preceding ';'
C:\Program Files (x86)\Windows Kits\10\Include\10.0.22000.0\um\wincrypt.h(911,13): error C3646: 'cbOuterString': unknown override specifier
C:\Program Files (x86)\Windows Kits\10\Include\10.0.22000.0\um\wincrypt.h(911,26): error C4430: missing type specifier - int assumed. Note: C++ does not support default-int
C:\Program Files (x86)\Windows Kits\10\Include\10.0.22000.0\um\wincrypt.h(916,13): error C3646: 'dwUse': unknown override specifier
C:\Program Files (x86)\Windows Kits\10\Include\10.0.22000.0\um\wincrypt.h(916,18): error C4430: missing type specifier - int assumed. Note: C++ does not support default-int
C:\Program Files (x86)\Windows Kits\10\Include\10.0.22000.0\um\wincrypt.h(918,13): error C3646: 'cBits': unknown override specifier
C:\Program Files (x86)\Windows Kits\10\Include\10.0.22000.0\um\wincrypt.h(918,18): error C4430: missing type specifier - int assumed. Note: C++ does not support default-int
C:\Program Files (x86)\Windows Kits\10\Include\10.0.22000.0\um\wincrypt.h(919,13): error C3646: 'dwFlags': unknown override specifier
C:\Program Files (x86)\Windows Kits\10\Include\10.0.22000.0\um\wincrypt.h(919,20): error C4430: missing type specifier - int assumed. Note: C++ does not support default-int
C:\Program Files (x86)\Windows Kits\10\Include\10.0.22000.0\um\wincrypt.h(920,13): error C3646: 'dwReserved': unknown override specifier
C:\Program Files (x86)\Windows Kits\10\Include\10.0.22000.0\um\wincrypt.h(920,23): error C4430: missing type specifier - int assumed. Note: C++ does not support default-int
C:\Program Files (x86)\Windows Kits\10\Include\10.0.22000.0\um\wincrypt.h(932,15): error C3646: 'dwBitLen': unknown override specifier
C:\Program Files (x86)\Windows Kits\10\Include\10.0.22000.0\um\wincrypt.h(932,23): error C4430: missing type specifier - int assumed. Note: C++ does not support default-int
C:\Program Files (x86)\Windows Kits\10\Include\10.0.22000.0\um\wincrypt.h(933,15): error C3646: 'dwNameLen': unknown override specifier
C:\Program Files (x86)\Windows Kits\10\Include\10.0.22000.0\um\wincrypt.h(933,24): error C4430: missing type specifier - int assumed. Note: C++ does not support default-int
C:\Program Files (x86)\Windows Kits\10\Include\10.0.22000.0\um\wincrypt.h(934,15): error C3646: 'szName': unknown override specifier
C:\Program Files (x86)\Windows Kits\10\Include\10.0.22000.0\um\wincrypt.h(934,21): error C2143: syntax error: missing ',' before '['
C:\Program Files (x86)\Windows Kits\10\Include\10.0.22000.0\um\wincrypt.h(934,25): error C2238: unexpected token(s) preceding ';'
C:\Program Files (x86)\Windows Kits\10\Include\10.0.22000.0\um\wincrypt.h(940,15): error C3646: 'dwDefaultLen': unknown override specifier
C:\Program Files (x86)\Windows Kits\10\Include\10.0.22000.0\um\wincrypt.h(940,27): error C4430: missing type specifier - int assumed. Note: C++ does not support default-int
C:\Program Files (x86)\Windows Kits\10\Include\10.0.22000.0\um\wincrypt.h(941,15): error C3646: 'dwMinLen': unknown override specifier
C:\Program Files (x86)\Windows Kits\10\Include\10.0.22000.0\um\wincrypt.h(941,23): error C4430: missing type specifier - int assumed. Note: C++ does not support default-int
C:\Program Files (x86)\Windows Kits\10\Include\10.0.22000.0\um\wincrypt.h(942,15): error C3646: 'dwMaxLen': unknown override specifier
C:\Program Files (x86)\Windows Kits\10\Include\10.0.22000.0\um\wincrypt.h(942,23): error C4430: missing type specifier - int assumed. Note: C++ does not support default-int
C:\Program Files (x86)\Windows Kits\10\Include\10.0.22000.0\um\wincrypt.h(943,15): error C3646: 'dwProtocols': unknown override specifier
C:\Program Files (x86)\Windows Kits\10\Include\10.0.22000.0\um\wincrypt.h(943,26): error C4430: missing type specifier - int assumed. Note: C++ does not support default-int
C:\Program Files (x86)\Windows Kits\10\Include\10.0.22000.0\um\wincrypt.h(944,15): error C3646: 'dwNameLen': unknown override specifier
C:\Program Files (x86)\Windows Kits\10\Include\10.0.22000.0\um\wincrypt.h(944,24): error C4430: missing type specifier - int assumed. Note: C++ does not support default-int
C:\Program Files (x86)\Windows Kits\10\Include\10.0.22000.0\um\wincrypt.h(945,15): error C3646: 'szName': unknown override specifier
C:\Program Files (x86)\Windows Kits\10\Include\10.0.22000.0\um\wincrypt.h(945,21): error C2143: syntax error: missing ',' before '['
C:\Program Files (x86)\Windows Kits\10\Include\10.0.22000.0\um\wincrypt.h(945,25): error C2238: unexpected token(s) preceding ';'
C:\Program Files (x86)\Windows Kits\10\Include\10.0.22000.0\um\wincrypt.h(946,15): error C3646: 'dwLongNameLen': unknown override specifier
C:\Program Files (x86)\Windows Kits\10\Include\10.0.22000.0\um\wincrypt.h(946,28): error C4430: missing type specifier - int assumed. Note: C++ does not support default-int
C:\Program Files (x86)\Windows Kits\10\Include\10.0.22000.0\um\wincrypt.h(947,15): error C3646: 'szLongName': unknown override specifier
C:\Program Files (x86)\Windows Kits\10\Include\10.0.22000.0\um\wincrypt.h(947,25): error C2143: syntax error: missing ',' before '['
C:\Program Files (x86)\Windows Kits\10\Include\10.0.22000.0\um\wincrypt.h(947,29): error C2238: unexpected token(s) preceding ';'
C:\Program Files (x86)\Windows Kits\10\Include\10.0.22000.0\um\wincrypt.h(952,17): error C3646: 'bType': unknown override specifier
C:\Program Files (x86)\Windows Kits\10\Include\10.0.22000.0\um\wincrypt.h(952,22): error C4430: missing type specifier - int assumed. Note: C++ does not support default-int
C:\Program Files (x86)\Windows Kits\10\Include\10.0.22000.0\um\wincrypt.h(953,17): error C3646: 'bVersion': unknown override specifier
C:\Program Files (x86)\Windows Kits\10\Include\10.0.22000.0\um\wincrypt.h(953,25): error C4430: missing type specifier - int assumed. Note: C++ does not support default-int
C:\Program Files (x86)\Windows Kits\10\Include\10.0.22000.0\um\wincrypt.h(954,17): error C3646: 'reserved': unknown override specifier
C:\Program Files (x86)\Windows Kits\10\Include\10.0.22000.0\um\wincrypt.h(954,25): error C4430: missing type specifier - int assumed. Note: C++ does not support default-int
C:\Program Files (x86)\Windows Kits\10\Include\10.0.22000.0\um\wincrypt.h(959,17): error C3646: 'magic': unknown override specifier
C:\Program Files (x86)\Windows Kits\10\Include\10.0.22000.0\um\wincrypt.h(959,22): error C4430: missing type specifier - int assumed. Note: C++ does not support default-int
C:\Program Files (x86)\Windows Kits\10\Include\10.0.22000.0\um\wincrypt.h(960,17): error C3646: 'bitlen': unknown override specifier
C:\Program Files (x86)\Windows Kits\10\Include\10.0.22000.0\um\wincrypt.h(960,23): error C4430: missing type specifier - int assumed. Note: C++ does not support default-int
C:\Program Files (x86)\Windows Kits\10\Include\10.0.22000.0\um\wincrypt.h(961,17): error C3646: 'pubexp': unknown override specifier
C:\Program Files (x86)\Windows Kits\10\Include\10.0.22000.0\um\wincrypt.h(961,23): error C4430: missing type specifier - int assumed. Note: C++ does not support default-int
C:\Program Files (x86)\Windows Kits\10\Include\10.0.22000.0\um\wincrypt.h(966,17): error C3646: 'magic': unknown override specifier
C:\Program Files (x86)\Windows Kits\10\Include\10.0.22000.0\um\wincrypt.h(966,22): error C4430: missing type specifier - int assumed. Note: C++ does not support default-int
C:\Program Files (x86)\Windows Kits\10\Include\10.0.22000.0\um\wincrypt.h(967,17): error C3646: 'bitlen': unknown override specifier
C:\Program Files (x86)\Windows Kits\10\Include\10.0.22000.0\um\wincrypt.h(967,23): error C4430: missing type specifier - int assumed. Note: C++ does not support default-int
C:\Program Files (x86)\Windows Kits\10\Include\10.0.22000.0\um\wincrypt.h(971,17): error C3646: 'counter': unknown override specifier
C:\Program Files (x86)\Windows Kits\10\Include\10.0.22000.0\um\wincrypt.h(971,24): error C4430: missing type specifier - int assumed. Note: C++ does not support default-int
C:\Program Files (x86)\Windows Kits\10\Include\10.0.22000.0\um\wincrypt.h(972,17): error C3646: 'seed': unknown override specifier
C:\Program Files (x86)\Windows Kits\10\Include\10.0.22000.0\um\wincrypt.h(972,21): error C2143: syntax error: missing ',' before '['
C:\Program Files (x86)\Windows Kits\10\Include\10.0.22000.0\um\wincrypt.h(972,25): error C2238: unexpected token(s) preceding ';'
C:\Program Files (x86)\Windows Kits\10\Include\10.0.22000.0\um\wincrypt.h(976,17): error C3646: 'magic': unknown override specifier
C:\Program Files (x86)\Windows Kits\10\Include\10.0.22000.0\um\wincrypt.h(976,22): error C4430: missing type specifier - int assumed. Note: C++ does not support default-int
C:\Program Files (x86)\Windows Kits\10\Include\10.0.22000.0\um\wincrypt.h(977,17): error C3646: 'bitlenP': unknown override specifier
C:\Program Files (x86)\Windows Kits\10\Include\10.0.22000.0\um\wincrypt.h(977,24): error C4430: missing type specifier - int assumed. Note: C++ does not support default-int
C:\Program Files (x86)\Windows Kits\10\Include\10.0.22000.0\um\wincrypt.h(978,17): error C3646: 'bitlenQ': unknown override specifier
C:\Program Files (x86)\Windows Kits\10\Include\10.0.22000.0\um\wincrypt.h(978,24): error C4430: missing type specifier - int assumed. Note: C++ does not support default-int
C:\Program Files (x86)\Windows Kits\10\Include\10.0.22000.0\um\wincrypt.h(979,17): error C3646: 'bitlenJ': unknown override specifier
C:\Program Files (x86)\Windows Kits\10\Include\10.0.22000.0\um\wincrypt.h(979,24): error C4430: missing type specifier - int assumed. Note: C++ does not support default-int
C:\Program Files (x86)\Windows Kits\10\Include\10.0.22000.0\um\wincrypt.h(984,17): error C3646: 'magic': unknown override specifier
C:\Program Files (x86)\Windows Kits\10\Include\10.0.22000.0\um\wincrypt.h(984,22): error C4430: missing type specifier - int assumed. Note: C++ does not support default-int
C:\Program Files (x86)\Windows Kits\10\Include\10.0.22000.0\um\wincrypt.h(985,17): error C3646: 'bitlenP': unknown override specifier
C:\Program Files (x86)\Windows Kits\10\Include\10.0.22000.0\um\wincrypt.h(985,24): error C4430: missing type specifier - int assumed. Note: C++ does not support default-int
C:\Program Files (x86)\Windows Kits\10\Include\10.0.22000.0\um\wincrypt.h(986,17): error C3646: 'bitlenQ': unknown override specifier
C:\Program Files (x86)\Windows Kits\10\Include\10.0.22000.0\um\wincrypt.h(986,24): error C4430: missing type specifier - int assumed. Note: C++ does not support default-int
C:\Program Files (x86)\Windows Kits\10\Include\10.0.22000.0\um\wincrypt.h(987,17): error C3646: 'bitlenJ': unknown override specifier
C:\Program Files (x86)\Windows Kits\10\Include\10.0.22000.0\um\wincrypt.h(987,24): error C4430: missing type specifier - int assumed. Note: C++ does not support default-int
C:\Program Files (x86)\Windows Kits\10\Include\10.0.22000.0\um\wincrypt.h(988,17): error C3646: 'bitlenX': unknown override specifier
C:\Program Files (x86)\Windows Kits\10\Include\10.0.22000.0\um\wincrypt.h(988,24): error C4430: missing type specifier - int assumed. Note: C++ does not support default-int
C:\Program Files (x86)\Windows Kits\10\Include\10.0.22000.0\um\wincrypt.h(993,17): error C3646: 'dwKeySpec': unknown override specifier
C:\Program Files (x86)\Windows Kits\10\Include\10.0.22000.0\um\wincrypt.h(993,26): error C4430: missing type specifier - int assumed. Note: C++ does not support default-int
C:\Program Files (x86)\Windows Kits\10\Include\10.0.22000.0\um\wincrypt.h(994,17): error C3646: 'Type': unknown override specifier
C:\Program Files (x86)\Windows Kits\10\Include\10.0.22000.0\um\wincrypt.h(994,21): error C4430: missing type specifier - int assumed. Note: C++ does not support default-int
C:\Program Files (x86)\Windows Kits\10\Include\10.0.22000.0\um\wincrypt.h(995,17): error C3646: 'Subtype': unknown override specifier
C:\Program Files (x86)\Windows Kits\10\Include\10.0.22000.0\um\wincrypt.h(995,24): error C4430: missing type specifier - int assumed. Note: C++ does not support default-int
C:\Program Files (x86)\Windows Kits\10\Include\10.0.22000.0\um\wincrypt.h(1050,37): error C3646: 'cbData': unknown override specifier
C:\Program Files (x86)\Windows Kits\10\Include\10.0.22000.0\um\wincrypt.h(1050,43): error C4430: missing type specifier - int assumed. Note: C++ does not support default-int
C:\Program Files (x86)\Windows Kits\10\Include\10.0.22000.0\um\wincrypt.h(1051,41): error C2143: syntax error: missing ';' before '*'
C:\Program Files (x86)\Windows Kits\10\Include\10.0.22000.0\um\wincrypt.h(1051,41): error C4430: missing type specifier - int assumed. Note: C++ does not support default-int
C:\Program Files (x86)\Windows Kits\10\Include\10.0.22000.0\um\wincrypt.h(1051,48): error C2238: unexpected token(s) preceding ';'
C:\Program Files (x86)\Windows Kits\10\Include\10.0.22000.0\um\wincrypt.h(1070,25): error C3646: 'dwVersion': unknown override specifier
C:\Program Files (x86)\Windows Kits\10\Include\10.0.22000.0\um\wincrypt.h(1070,34): error C4430: missing type specifier - int assumed. Note: C++ does not support default-int
C:\Program Files (x86)\Windows Kits\10\Include\10.0.22000.0\um\wincrypt.h(1072,21): error C3646: 'pszContentEncObjId': unknown override specifier
C:\Program Files (x86)\Windows Kits\10\Include\10.0.22000.0\um\wincrypt.h(1072,39): error C4430: missing type specifier - int assumed. Note: C++ does not support default-int
C:\Program Files (x86)\Windows Kits\10\Include\10.0.22000.0\um\wincrypt.h(1085,1): error C2143: syntax error: missing ';' before '__cdecl'
C:\Program Files (x86)\Windows Kits\10\Include\10.0.22000.0\um\wincrypt.h(1085,1): error C4430: missing type specifier - int assumed. Note: C++ does not support default-int
C:\Program Files (x86)\Windows Kits\10\Include\10.0.22000.0\um\wincrypt.h(1087,30): error C2065: 'phProv': undeclared identifier
C:\Program Files (x86)\Windows Kits\10\Include\10.0.22000.0\um\wincrypt.h(1088,17): error C2065: 'LPCSTR': undeclared identifier
C:\Program Files (x86)\Windows Kits\10\Include\10.0.22000.0\um\wincrypt.h(1088,27): error C2146: syntax error: missing ')' before identifier 'szContainer'
C:\Program Files (x86)\Windows Kits\10\Include\10.0.22000.0\um\wincrypt.h(1095,1): error C2143: syntax error: missing ';' before '__cdecl'
C:\Program Files (x86)\Windows Kits\10\Include\10.0.22000.0\um\wincrypt.h(1095,1): error C4430: missing type specifier - int assumed. Note: C++ does not support default-int
C:\Program Files (x86)\Windows Kits\10\Include\10.0.22000.0\um\wincrypt.h(1094,1): error C2086: 'int BOOL': redefinition
C:\Program Files (x86)\Windows Kits\10\Include\10.0.22000.0\um\wincrypt.h(1084,1): message : see declaration of 'BOOL'
C:\Program Files (x86)\Windows Kits\10\Include\10.0.22000.0\um\wincrypt.h(1097,30): error C2065: 'phProv': undeclared identifier
C:\Program Files (x86)\Windows Kits\10\Include\10.0.22000.0\um\wincrypt.h(1098,17): error C2065: 'LPCWSTR': undeclared identifier
C:\Program Files (x86)\Windows Kits\10\Include\10.0.22000.0\um\wincrypt.h(1098,28): error C2146: syntax error: missing ')' before identifier 'szContainer'
C:\Program Files (x86)\Windows Kits\10\Include\10.0.22000.0\um\wincrypt.h(1117,1): error C2143: syntax error: missing ';' before '__cdecl'
C:\Program Files (x86)\Windows Kits\10\Include\10.0.22000.0\um\wincrypt.h(1117,1): error C4430: missing type specifier - int assumed. Note: C++ does not support default-int
C:\Program Files (x86)\Windows Kits\10\Include\10.0.22000.0\um\wincrypt.h(1116,1): error C2086: 'int BOOL': redefinition
C:\Program Files (x86)\Windows Kits\10\Include\10.0.22000.0\um\wincrypt.h(1084,1): message : see declaration of 'BOOL'
C:\Program Files (x86)\Windows Kits\10\Include\10.0.22000.0\um\wincrypt.h(1119,25): error C2146: syntax error: missing ')' before identifier 'hProv'
C:\Program Files (x86)\Windows Kits\10\Include\10.0.22000.0\um\wincrypt.h(1131,1): error C2143: syntax error: missing ';' before '__cdecl'
C:\Program Files (x86)\Windows Kits\10\Include\10.0.22000.0\um\wincrypt.h(1131,1): error C4430: missing type specifier - int assumed. Note: C++ does not support default-int
C:\Program Files (x86)\Windows Kits\10\Include\10.0.22000.0\um\wincrypt.h(1130,1): error C2086: 'int BOOL': redefinition
C:\Program Files (x86)\Windows Kits\10\Include\10.0.22000.0\um\wincrypt.h(1084,1): message : see declaration of 'BOOL'
C:\Program Files (x86)\Windows Kits\10\Include\10.0.22000.0\um\wincrypt.h(1133,25): error C2146: syntax error: missing ')' before identifier 'hProv'
C:\Program Files (x86)\Windows Kits\10\Include\10.0.22000.0\um\wincrypt.h(1141,1): error C2143: syntax error: missing ';' before '__cdecl'
C:\Program Files (x86)\Windows Kits\10\Include\10.0.22000.0\um\wincrypt.h(1141,1): error C4430: missing type specifier - int assumed. Note: C++ does not support default-int
C:\Program Files (x86)\Windows Kits\10\Include\10.0.22000.0\um\wincrypt.h(1140,1): error C2086: 'int BOOL': redefinition
C:\Program Files (x86)\Windows Kits\10\Include\10.0.22000.0\um\wincrypt.h(1084,1): message : see declaration of 'BOOL'
C:\Program Files (x86)\Windows Kits\10\Include\10.0.22000.0\um\wincrypt.h(1143,25): error C2146: syntax error: missing ')' before identifier 'hProv'
C:\Program Files (x86)\Windows Kits\10\Include\10.0.22000.0\um\wincrypt.h(1152,1): error C2143: syntax error: missing ';' before '__cdecl'
C:\Program Files (x86)\Windows Kits\10\Include\10.0.22000.0\um\wincrypt.h(1152,1): error C4430: missing type specifier - int assumed. Note: C++ does not support default-int
C:\Program Files (x86)\Windows Kits\10\Include\10.0.22000.0\um\wincrypt.h(1151,1): error C2086: 'int BOOL': redefinition
C:\Program Files (x86)\Windows Kits\10\Include\10.0.22000.0\um\wincrypt.h(1084,1): message : see declaration of 'BOOL'
C:\Program Files (x86)\Windows Kits\10\Include\10.0.22000.0\um\wincrypt.h(1154,6): error C4430: missing type specifier - int assumed. Note: C++ does not support default-int
C:\Program Files (x86)\Windows Kits\10\Include\10.0.22000.0\um\wincrypt.h(1159,1): error C2143: syntax error: missing ';' before '__cdecl'
C:\Program Files (x86)\Windows Kits\10\Include\10.0.22000.0\um\wincrypt.h(1159,1): error C4430: missing type specifier - int assumed. Note: C++ does not support default-int
C:\Program Files (x86)\Windows Kits\10\Include\10.0.22000.0\um\wincrypt.h(1158,1): error C2086: 'int BOOL': redefinition
C:\Program Files (x86)\Windows Kits\10\Include\10.0.22000.0\um\wincrypt.h(1084,1): message : see declaration of 'BOOL'
C:\Program Files (x86)\Windows Kits\10\Include\10.0.22000.0\um\wincrypt.h(1162,13): error C2061: syntax error: identifier 'DWORD'
C:\Program Files (x86)\Windows Kits\10\Include\10.0.22000.0\um\wincrypt.h(1165,6): error C4430: missing type specifier - int assumed. Note: C++ does not support default-int
C:\Program Files (x86)\Windows Kits\10\Include\10.0.22000.0\um\wincrypt.h(1169,1): error C2143: syntax error: missing ';' before '__cdecl'
C:\Program Files (x86)\Windows Kits\10\Include\10.0.22000.0\um\wincrypt.h(1169,1): error C4430: missing type specifier - int assumed. Note: C++ does not support default-int
C:\Program Files (x86)\Windows Kits\10\Include\10.0.22000.0\um\wincrypt.h(1168,1): error C2086: 'int BOOL': redefinition
C:\Program Files (x86)\Windows Kits\10\Include\10.0.22000.0\um\wincrypt.h(1084,1): message : see declaration of 'BOOL'
C:\Program Files (x86)\Windows Kits\10\Include\10.0.22000.0\um\wincrypt.h(1172,53): error C2061: syntax error: identifier 'DWORD'
C:\Program Files (x86)\Windows Kits\10\Include\10.0.22000.0\um\wincrypt.h(1176,6): error C4430: missing type specifier - int assumed. Note: C++ does not support default-int
C:\Program Files (x86)\Windows Kits\10\Include\10.0.22000.0\um\wincrypt.h(1180,1): error C2143: syntax error: missing ';' before '__cdecl'
C:\Program Files (x86)\Windows Kits\10\Include\10.0.22000.0\um\wincrypt.h(1180,1): error C4430: missing type specifier - int assumed. Note: C++ does not support default-int
C:\Program Files (x86)\Windows Kits\10\Include\10.0.22000.0\um\wincrypt.h(1179,1): error C2086: 'int BOOL': redefinition
C:\Program Files (x86)\Windows Kits\10\Include\10.0.22000.0\um\wincrypt.h(1084,1): message : see declaration of 'BOOL'
C:\Program Files (x86)\Windows Kits\10\Include\10.0.22000.0\um\wincrypt.h(1183,13): error C2061: syntax error: identifier 'DWORD'
C:\Program Files (x86)\Windows Kits\10\Include\10.0.22000.0\um\wincrypt.h(1186,6): error C4430: missing type specifier - int assumed. Note: C++ does not support default-int
C:\Program Files (x86)\Windows Kits\10\Include\10.0.22000.0\um\wincrypt.h(1190,1): error C2143: syntax error: missing ';' before '__cdecl'
C:\Program Files (x86)\Windows Kits\10\Include\10.0.22000.0\um\wincrypt.h(1190,1): error C4430: missing type specifier - int assumed. Note: C++ does not support default-int
C:\Program Files (x86)\Windows Kits\10\Include\10.0.22000.0\um\wincrypt.h(1189,1): error C2086: 'int BOOL': redefinition
C:\Program Files (x86)\Windows Kits\10\Include\10.0.22000.0\um\wincrypt.h(1084,1): message : see declaration of 'BOOL'
C:\Program Files (x86)\Windows Kits\10\Include\10.0.22000.0\um\wincrypt.h(1193,49): error C2061: syntax error: identifier 'DWORD'
C:\Program Files (x86)\Windows Kits\10\Include\10.0.22000.0\um\wincrypt.h(1197,6): error C4430: missing type specifier - int assumed. Note: C++ does not support default-int
C:\Program Files (x86)\Windows Kits\10\Include\10.0.22000.0\um\wincrypt.h(1201,1): error C2143: syntax error: missing ';' before '__cdecl'
C:\Program Files (x86)\Windows Kits\10\Include\10.0.22000.0\um\wincrypt.h(1201,1): error C4430: missing type specifier - int assumed. Note: C++ does not support default-int
C:\Program Files (x86)\Windows Kits\10\Include\10.0.22000.0\um\wincrypt.h(1200,1): error C2086: 'int BOOL': redefinition
C:\Program Files (x86)\Windows Kits\10\Include\10.0.22000.0\um\wincrypt.h(1084,1): message : see declaration of 'BOOL'
C:\Program Files (x86)\Windows Kits\10\Include\10.0.22000.0\um\wincrypt.h(1203,25): error C2146: syntax error: missing ')' before identifier 'hProv'
C:\Program Files (x86)\Windows Kits\10\Include\10.0.22000.0\um\wincrypt.h(1211,1): error C2143: syntax error: missing ';' before '__cdecl'
C:\Program Files (x86)\Windows Kits\10\Include\10.0.22000.0\um\wincrypt.h(1211,1): error C4430: missing type specifier - int assumed. Note: C++ does not support default-int
C:\Program Files (x86)\Windows Kits\10\Include\10.0.22000.0\um\wincrypt.h(1210,1): error C2086: 'int BOOL': redefinition
C:\Program Files (x86)\Windows Kits\10\Include\10.0.22000.0\um\wincrypt.h(1084,1): message : see declaration of 'BOOL'
C:\Program Files (x86)\Windows Kits\10\Include\10.0.22000.0\um\wincrypt.h(1213,65): error C2146: syntax error: missing ')' before identifier 'hProv'
C:\Program Files (x86)\Windows Kits\10\Include\10.0.22000.0\um\wincrypt.h(1222,1): error C2143: syntax error: missing ';' before '__cdecl'
C:\Program Files (x86)\Windows Kits\10\Include\10.0.22000.0\um\wincrypt.h(1222,1): error C4430: missing type specifier - int assumed. Note: C++ does not support default-int
C:\Program Files (x86)\Windows Kits\10\Include\10.0.22000.0\um\wincrypt.h(1221,1): error C2086: 'int BOOL': redefinition
C:\Program Files (x86)\Windows Kits\10\Include\10.0.22000.0\um\wincrypt.h(1084,1): message : see declaration of 'BOOL'
C:\Program Files (x86)\Windows Kits\10\Include\10.0.22000.0\um\wincrypt.h(1222,1): fatal  error C1003: error count exceeds 100; stopping compilation
